mode: set
github.com/kyma-incubator/metris/pkg/process/public_cloud_info.go:31.76,32.49 1 0
github.com/kyma-incubator/metris/pkg/process/public_cloud_info.go:38.2,38.8 1 0
github.com/kyma-incubator/metris/pkg/process/public_cloud_info.go:32.49,34.51 2 0
github.com/kyma-incubator/metris/pkg/process/public_cloud_info.go:34.51,36.4 1 0
github.com/kyma-incubator/metris/pkg/process/public_cloud_info.go:41.64,42.32 1 0
github.com/kyma-incubator/metris/pkg/process/public_cloud_info.go:45.2,47.16 3 0
github.com/kyma-incubator/metris/pkg/process/public_cloud_info.go:51.2,51.39 1 0
github.com/kyma-incubator/metris/pkg/process/public_cloud_info.go:78.2,78.23 1 0
github.com/kyma-incubator/metris/pkg/process/public_cloud_info.go:42.32,44.3 1 0
github.com/kyma-incubator/metris/pkg/process/public_cloud_info.go:47.16,49.3 1 0
github.com/kyma-incubator/metris/pkg/process/public_cloud_info.go:51.39,54.17 2 0
github.com/kyma-incubator/metris/pkg/process/public_cloud_info.go:57.3,59.17 3 0
github.com/kyma-incubator/metris/pkg/process/public_cloud_info.go:62.3,63.24 2 0
github.com/kyma-incubator/metris/pkg/process/public_cloud_info.go:54.17,56.4 1 0
github.com/kyma-incubator/metris/pkg/process/public_cloud_info.go:59.17,61.4 1 0
github.com/kyma-incubator/metris/pkg/process/public_cloud_info.go:63.24,65.18 2 0
github.com/kyma-incubator/metris/pkg/process/public_cloud_info.go:68.4,70.18 3 0
github.com/kyma-incubator/metris/pkg/process/public_cloud_info.go:73.4,75.23 3 0
github.com/kyma-incubator/metris/pkg/process/public_cloud_info.go:65.18,67.5 1 0
github.com/kyma-incubator/metris/pkg/process/public_cloud_info.go:70.18,72.5 1 0
github.com/kyma-incubator/metris/pkg/process/event_stream.go:31.84,38.39 6 0
github.com/kyma-incubator/metris/pkg/process/event_stream.go:46.2,49.37 3 0
github.com/kyma-incubator/metris/pkg/process/event_stream.go:56.2,61.20 2 0
github.com/kyma-incubator/metris/pkg/process/event_stream.go:38.39,45.3 6 0
github.com/kyma-incubator/metris/pkg/process/event_stream.go:49.37,54.3 1 0
github.com/kyma-incubator/metris/pkg/process/helpers.go:34.84,37.44 2 1
github.com/kyma-incubator/metris/pkg/process/helpers.go:42.2,45.25 3 1
github.com/kyma-incubator/metris/pkg/process/helpers.go:37.44,38.55 1 1
github.com/kyma-incubator/metris/pkg/process/helpers.go:38.55,40.4 1 1
github.com/kyma-incubator/metris/pkg/process/helpers.go:49.33,50.68 1 0
github.com/kyma-incubator/metris/pkg/process/helpers.go:53.2,53.14 1 0
github.com/kyma-incubator/metris/pkg/process/helpers.go:50.68,52.3 1 0
github.com/kyma-incubator/metris/pkg/process/helpers.go:56.111,59.16 3 0
github.com/kyma-incubator/metris/pkg/process/helpers.go:62.2,62.19 1 0
github.com/kyma-incubator/metris/pkg/process/helpers.go:59.16,61.3 1 0
github.com/kyma-incubator/metris/pkg/process/helpers.go:65.103,68.16 3 0
github.com/kyma-incubator/metris/pkg/process/helpers.go:71.2,71.20 1 0
github.com/kyma-incubator/metris/pkg/process/helpers.go:68.16,70.3 1 0
github.com/kyma-incubator/metris/pkg/process/helpers.go:74.115,77.16 3 0
github.com/kyma-incubator/metris/pkg/process/helpers.go:80.2,81.16 2 0
github.com/kyma-incubator/metris/pkg/process/helpers.go:84.2,84.22 1 0
github.com/kyma-incubator/metris/pkg/process/helpers.go:77.16,79.3 1 0
github.com/kyma-incubator/metris/pkg/process/helpers.go:81.16,83.3 1 0
github.com/kyma-incubator/metris/pkg/process/helpers.go:87.77,89.16 2 0
github.com/kyma-incubator/metris/pkg/process/helpers.go:92.2,93.27 2 0
github.com/kyma-incubator/metris/pkg/process/helpers.go:89.16,91.3 1 0
github.com/kyma-incubator/metris/pkg/process/helpers.go:95.60,102.2 1 0
github.com/kyma-incubator/metris/pkg/process/helpers.go:104.127,107.16 3 0
github.com/kyma-incubator/metris/pkg/process/helpers.go:110.2,110.54 1 0
github.com/kyma-incubator/metris/pkg/process/helpers.go:107.16,109.3 1 0
github.com/kyma-incubator/metris/pkg/process/helpers.go:113.82,117.16 2 0
github.com/kyma-incubator/metris/pkg/process/helpers.go:120.2,122.16 3 0
github.com/kyma-incubator/metris/pkg/process/helpers.go:125.2,125.56 1 0
github.com/kyma-incubator/metris/pkg/process/helpers.go:117.16,119.3 1 0
github.com/kyma-incubator/metris/pkg/process/helpers.go:122.16,124.3 1 0
github.com/kyma-incubator/metris/pkg/process/helpers.go:128.128,130.16 2 0
github.com/kyma-incubator/metris/pkg/process/helpers.go:133.2,133.52 1 0
github.com/kyma-incubator/metris/pkg/process/helpers.go:130.16,132.3 1 0
github.com/kyma-incubator/metris/pkg/process/process.go:50.66,54.58 3 1
github.com/kyma-incubator/metris/pkg/process/process.go:67.2,67.16 1 1
github.com/kyma-incubator/metris/pkg/process/process.go:72.2,73.16 2 1
github.com/kyma-incubator/metris/pkg/process/process.go:77.2,77.15 1 1
github.com/kyma-incubator/metris/pkg/process/process.go:80.2,81.59 2 1
github.com/kyma-incubator/metris/pkg/process/process.go:84.2,84.26 1 1
github.com/kyma-incubator/metris/pkg/process/process.go:54.58,55.17 1 0
github.com/kyma-incubator/metris/pkg/process/process.go:58.3,58.15 1 0
github.com/kyma-incubator/metris/pkg/process/process.go:55.17,57.4 1 0
github.com/kyma-incubator/metris/pkg/process/process.go:59.24,61.17 2 1
github.com/kyma-incubator/metris/pkg/process/process.go:64.3,64.9 1 1
github.com/kyma-incubator/metris/pkg/process/process.go:61.17,63.4 1 0
github.com/kyma-incubator/metris/pkg/process/process.go:67.16,70.3 2 0
github.com/kyma-incubator/metris/pkg/process/process.go:73.16,76.3 2 0
github.com/kyma-incubator/metris/pkg/process/process.go:77.15,79.3 1 1
github.com/kyma-incubator/metris/pkg/process/process.go:81.59,83.3 1 0
github.com/kyma-incubator/metris/pkg/process/process.go:87.78,93.16 4 0
github.com/kyma-incubator/metris/pkg/process/process.go:97.2,101.16 3 0
github.com/kyma-incubator/metris/pkg/process/process.go:107.2,108.16 2 0
github.com/kyma-incubator/metris/pkg/process/process.go:113.2,114.27 2 0
github.com/kyma-incubator/metris/pkg/process/process.go:123.2,133.72 4 0
github.com/kyma-incubator/metris/pkg/process/process.go:93.16,96.3 2 0
github.com/kyma-incubator/metris/pkg/process/process.go:101.16,104.3 2 0
github.com/kyma-incubator/metris/pkg/process/process.go:108.16,111.3 2 0
github.com/kyma-incubator/metris/pkg/process/process.go:114.27,117.3 2 0
github.com/kyma-incubator/metris/pkg/process/process.go:136.62,141.12 4 0
github.com/kyma-incubator/metris/pkg/process/process.go:146.2,146.64 1 0
github.com/kyma-incubator/metris/pkg/process/process.go:152.2,152.32 1 0
github.com/kyma-incubator/metris/pkg/process/process.go:141.12,145.3 3 0
github.com/kyma-incubator/metris/pkg/process/process.go:146.64,148.17 2 0
github.com/kyma-incubator/metris/pkg/process/process.go:148.17,150.4 1 0
github.com/kyma-incubator/metris/pkg/process/process.go:155.54,158.16 3 0
github.com/kyma-incubator/metris/pkg/process/process.go:167.2,167.12 1 0
github.com/kyma-incubator/metris/pkg/process/process.go:158.16,159.46 1 0
github.com/kyma-incubator/metris/pkg/process/process.go:159.46,162.18 3 0
github.com/kyma-incubator/metris/pkg/process/process.go:162.18,164.5 1 0
github.com/kyma-incubator/metris/pkg/process/process.go:170.33,172.35 1 0
github.com/kyma-incubator/metris/pkg/process/process.go:172.35,175.24 3 0
github.com/kyma-incubator/metris/pkg/process/process.go:197.3,200.17 3 0
github.com/kyma-incubator/metris/pkg/process/process.go:204.3,205.17 2 0
github.com/kyma-incubator/metris/pkg/process/process.go:209.3,209.34 1 0
github.com/kyma-incubator/metris/pkg/process/process.go:214.3,216.24 2 0
github.com/kyma-incubator/metris/pkg/process/process.go:223.3,223.111 1 0
github.com/kyma-incubator/metris/pkg/process/process.go:175.24,179.18 3 0
github.com/kyma-incubator/metris/pkg/process/process.go:184.4,184.114 1 0
github.com/kyma-incubator/metris/pkg/process/process.go:179.18,181.13 1 0
github.com/kyma-incubator/metris/pkg/process/process.go:185.9,188.18 2 0
github.com/kyma-incubator/metris/pkg/process/process.go:188.18,190.19 2 0
github.com/kyma-incubator/metris/pkg/process/process.go:190.19,192.14 1 0
github.com/kyma-incubator/metris/pkg/process/process.go:200.17,202.12 2 0
github.com/kyma-incubator/metris/pkg/process/process.go:205.17,207.12 2 0
github.com/kyma-incubator/metris/pkg/process/process.go:209.34,211.12 2 0
github.com/kyma-incubator/metris/pkg/process/process.go:216.24,218.18 2 0
github.com/kyma-incubator/metris/pkg/process/process.go:218.18,221.5 2 0
github.com/kyma-incubator/metris/pkg/process/process.go:227.33,229.2 1 0
github.com/kyma-incubator/metris/pkg/process/process.go:231.28,232.6 1 0
github.com/kyma-incubator/metris/pkg/process/process.go:232.6,234.17 2 0
github.com/kyma-incubator/metris/pkg/process/process.go:238.3,245.52 6 0
github.com/kyma-incubator/metris/pkg/process/process.go:248.3,251.29 3 0
github.com/kyma-incubator/metris/pkg/process/process.go:234.17,236.12 2 0
github.com/kyma-incubator/metris/pkg/process/process.go:245.52,247.4 1 0
github.com/kyma-incubator/metris/pkg/process/process.go:255.28,257.2 1 0
github.com/kyma-incubator/metris/pkg/edp/client.go:29.40,39.2 2 1
github.com/kyma-incubator/metris/pkg/edp/client.go:41.94,53.16 4 1
github.com/kyma-incubator/metris/pkg/edp/client.go:57.2,61.17 4 1
github.com/kyma-incubator/metris/pkg/edp/client.go:53.16,55.3 1 0
github.com/kyma-incubator/metris/pkg/edp/client.go:64.71,74.58 4 1
github.com/kyma-incubator/metris/pkg/edp/client.go:93.2,93.16 1 1
github.com/kyma-incubator/metris/pkg/edp/client.go:99.2,99.15 1 1
github.com/kyma-incubator/metris/pkg/edp/client.go:106.2,106.18 1 1
github.com/kyma-incubator/metris/pkg/edp/client.go:74.58,75.17 1 1
github.com/kyma-incubator/metris/pkg/edp/client.go:78.3,78.15 1 0
github.com/kyma-incubator/metris/pkg/edp/client.go:75.17,77.4 1 1
github.com/kyma-incubator/metris/pkg/edp/client.go:79.24,81.17 2 1
github.com/kyma-incubator/metris/pkg/edp/client.go:85.3,85.44 1 1
github.com/kyma-incubator/metris/pkg/edp/client.go:90.3,90.9 1 1
github.com/kyma-incubator/metris/pkg/edp/client.go:81.17,83.4 1 0
github.com/kyma-incubator/metris/pkg/edp/client.go:85.44,89.4 3 1
github.com/kyma-incubator/metris/pkg/edp/client.go:93.16,97.3 3 1
github.com/kyma-incubator/metris/pkg/edp/client.go:99.15,101.17 2 1
github.com/kyma-incubator/metris/pkg/edp/client.go:101.17,103.4 1 0
