mode: set
github.com/kyma-incubator/metris/pkg/gardener/secret/client.go:23.56,26.16 3 0
github.com/kyma-incubator/metris/pkg/gardener/secret/client.go:29.2,32.53 4 0
github.com/kyma-incubator/metris/pkg/gardener/secret/client.go:26.16,28.3 1 0
github.com/kyma-incubator/metris/pkg/gardener/secret/client.go:35.84,38.16 3 1
github.com/kyma-incubator/metris/pkg/gardener/secret/client.go:41.2,41.54 1 1
github.com/kyma-incubator/metris/pkg/gardener/secret/client.go:38.16,40.3 1 1
github.com/kyma-incubator/metris/pkg/gardener/secret/client.go:44.103,47.16 3 1
github.com/kyma-incubator/metris/pkg/gardener/secret/client.go:50.2,50.20 1 1
github.com/kyma-incubator/metris/pkg/gardener/secret/client.go:47.16,49.3 1 0
github.com/kyma-incubator/metris/pkg/gardener/secret/client.go:53.57,59.2 1 1
github.com/kyma-incubator/metris/pkg/gardener/secret/client.go:61.49,67.2 1 1
github.com/kyma-incubator/metris/pkg/skr/node/client.go:19.52,21.16 2 0
github.com/kyma-incubator/metris/pkg/skr/node/client.go:24.2,25.16 2 0
github.com/kyma-incubator/metris/pkg/skr/node/client.go:28.2,29.49 2 0
github.com/kyma-incubator/metris/pkg/skr/node/client.go:21.16,23.3 1 0
github.com/kyma-incubator/metris/pkg/skr/node/client.go:25.16,27.3 1 0
github.com/kyma-incubator/metris/pkg/skr/node/client.go:32.69,35.16 2 1
github.com/kyma-incubator/metris/pkg/skr/node/client.go:38.2,38.56 1 1
github.com/kyma-incubator/metris/pkg/skr/node/client.go:35.16,37.3 1 0
github.com/kyma-incubator/metris/pkg/skr/node/client.go:41.115,44.16 3 1
github.com/kyma-incubator/metris/pkg/skr/node/client.go:47.2,48.16 2 1
github.com/kyma-incubator/metris/pkg/skr/node/client.go:51.2,51.22 1 1
github.com/kyma-incubator/metris/pkg/skr/node/client.go:44.16,46.3 1 0
github.com/kyma-incubator/metris/pkg/skr/node/client.go:48.16,50.3 1 0
github.com/kyma-incubator/metris/pkg/skr/node/client.go:54.57,60.2 1 1
github.com/kyma-incubator/metris/pkg/skr/node/client.go:62.49,68.2 1 0
github.com/kyma-incubator/metris/pkg/gardener/shoot/client.go:21.56,24.16 3 0
github.com/kyma-incubator/metris/pkg/gardener/shoot/client.go:27.2,30.53 4 0
github.com/kyma-incubator/metris/pkg/gardener/shoot/client.go:24.16,26.3 1 0
github.com/kyma-incubator/metris/pkg/gardener/shoot/client.go:33.92,35.16 2 1
github.com/kyma-incubator/metris/pkg/gardener/shoot/client.go:38.2,38.52 1 1
github.com/kyma-incubator/metris/pkg/gardener/shoot/client.go:35.16,37.3 1 1
github.com/kyma-incubator/metris/pkg/gardener/shoot/client.go:41.109,44.16 3 1
github.com/kyma-incubator/metris/pkg/gardener/shoot/client.go:47.2,47.19 1 1
github.com/kyma-incubator/metris/pkg/gardener/shoot/client.go:44.16,46.3 1 0
github.com/kyma-incubator/metris/pkg/gardener/shoot/client.go:50.57,56.2 1 1
github.com/kyma-incubator/metris/pkg/gardener/shoot/client.go:58.49,64.2 1 1
github.com/kyma-incubator/metris/pkg/keb/client.go:29.63,39.2 2 0
github.com/kyma-incubator/metris/pkg/keb/client.go:41.53,43.16 2 1
github.com/kyma-incubator/metris/pkg/keb/client.go:46.2,50.17 2 1
github.com/kyma-incubator/metris/pkg/keb/client.go:43.16,45.3 1 0
github.com/kyma-incubator/metris/pkg/keb/client.go:53.82,64.58 5 1
github.com/kyma-incubator/metris/pkg/keb/client.go:77.2,77.16 1 1
github.com/kyma-incubator/metris/pkg/keb/client.go:82.2,83.16 2 1
github.com/kyma-incubator/metris/pkg/keb/client.go:87.2,87.15 1 1
github.com/kyma-incubator/metris/pkg/keb/client.go:90.2,91.59 2 1
github.com/kyma-incubator/metris/pkg/keb/client.go:94.2,94.26 1 1
github.com/kyma-incubator/metris/pkg/keb/client.go:64.58,65.17 1 0
github.com/kyma-incubator/metris/pkg/keb/client.go:68.3,68.15 1 0
github.com/kyma-incubator/metris/pkg/keb/client.go:65.17,67.4 1 0
github.com/kyma-incubator/metris/pkg/keb/client.go:69.24,71.17 2 1
github.com/kyma-incubator/metris/pkg/keb/client.go:74.3,74.9 1 1
github.com/kyma-incubator/metris/pkg/keb/client.go:71.17,73.4 1 0
github.com/kyma-incubator/metris/pkg/keb/client.go:77.16,80.3 2 0
github.com/kyma-incubator/metris/pkg/keb/client.go:83.16,86.3 2 0
github.com/kyma-incubator/metris/pkg/keb/client.go:87.15,89.3 1 1
github.com/kyma-incubator/metris/pkg/keb/client.go:91.59,93.3 1 0
github.com/kyma-incubator/metris/pkg/process/public_cloud_info.go:31.76,32.55 1 1
github.com/kyma-incubator/metris/pkg/process/public_cloud_info.go:38.2,38.8 1 1
github.com/kyma-incubator/metris/pkg/process/public_cloud_info.go:32.55,34.51 2 1
github.com/kyma-incubator/metris/pkg/process/public_cloud_info.go:34.51,36.4 1 1
github.com/kyma-incubator/metris/pkg/process/public_cloud_info.go:42.64,43.32 1 1
github.com/kyma-incubator/metris/pkg/process/public_cloud_info.go:46.2,48.16 3 1
github.com/kyma-incubator/metris/pkg/process/public_cloud_info.go:52.2,52.39 1 1
github.com/kyma-incubator/metris/pkg/process/public_cloud_info.go:79.2,79.23 1 1
github.com/kyma-incubator/metris/pkg/process/public_cloud_info.go:43.32,45.3 1 0
github.com/kyma-incubator/metris/pkg/process/public_cloud_info.go:48.16,50.3 1 0
github.com/kyma-incubator/metris/pkg/process/public_cloud_info.go:52.39,55.17 2 1
github.com/kyma-incubator/metris/pkg/process/public_cloud_info.go:58.3,60.17 3 1
github.com/kyma-incubator/metris/pkg/process/public_cloud_info.go:63.3,64.24 2 1
github.com/kyma-incubator/metris/pkg/process/public_cloud_info.go:55.17,57.4 1 0
github.com/kyma-incubator/metris/pkg/process/public_cloud_info.go:60.17,62.4 1 0
github.com/kyma-incubator/metris/pkg/process/public_cloud_info.go:64.24,66.18 2 1
github.com/kyma-incubator/metris/pkg/process/public_cloud_info.go:69.4,71.18 3 1
github.com/kyma-incubator/metris/pkg/process/public_cloud_info.go:74.4,76.23 3 1
github.com/kyma-incubator/metris/pkg/process/public_cloud_info.go:66.18,68.5 1 0
github.com/kyma-incubator/metris/pkg/process/public_cloud_info.go:71.18,73.5 1 0
github.com/kyma-incubator/metris/pkg/process/event_stream.go:31.79,38.39 6 1
github.com/kyma-incubator/metris/pkg/process/event_stream.go:49.2,52.37 3 1
github.com/kyma-incubator/metris/pkg/process/event_stream.go:59.2,59.20 1 1
github.com/kyma-incubator/metris/pkg/process/event_stream.go:38.39,42.24 4 1
github.com/kyma-incubator/metris/pkg/process/event_stream.go:45.3,47.25 3 1
github.com/kyma-incubator/metris/pkg/process/event_stream.go:42.24,44.4 1 1
github.com/kyma-incubator/metris/pkg/process/event_stream.go:52.37,57.3 1 1
github.com/kyma-incubator/metris/pkg/process/process.go:44.138,50.14 5 0
github.com/kyma-incubator/metris/pkg/process/process.go:54.2,54.48 1 0
github.com/kyma-incubator/metris/pkg/process/process.go:58.2,62.29 3 0
github.com/kyma-incubator/metris/pkg/process/process.go:73.2,75.16 3 0
github.com/kyma-incubator/metris/pkg/process/process.go:80.2,81.16 2 0
github.com/kyma-incubator/metris/pkg/process/process.go:86.2,88.16 3 0
github.com/kyma-incubator/metris/pkg/process/process.go:92.2,93.27 2 0
github.com/kyma-incubator/metris/pkg/process/process.go:102.2,107.15 2 0
github.com/kyma-incubator/metris/pkg/process/process.go:110.2,112.8 2 0
github.com/kyma-incubator/metris/pkg/process/process.go:50.14,53.3 2 0
github.com/kyma-incubator/metris/pkg/process/process.go:54.48,57.3 2 0
github.com/kyma-incubator/metris/pkg/process/process.go:62.29,66.17 3 0
github.com/kyma-incubator/metris/pkg/process/process.go:69.3,69.56 1 0
github.com/kyma-incubator/metris/pkg/process/process.go:66.17,68.4 1 0
github.com/kyma-incubator/metris/pkg/process/process.go:75.16,77.3 1 0
github.com/kyma-incubator/metris/pkg/process/process.go:81.16,83.3 1 0
github.com/kyma-incubator/metris/pkg/process/process.go:88.16,90.3 1 0
github.com/kyma-incubator/metris/pkg/process/process.go:93.27,96.3 2 0
github.com/kyma-incubator/metris/pkg/process/process.go:107.15,109.3 1 0
github.com/kyma-incubator/metris/pkg/process/process.go:116.68,120.12 4 1
github.com/kyma-incubator/metris/pkg/process/process.go:126.2,126.60 1 1
github.com/kyma-incubator/metris/pkg/process/process.go:137.2,137.27 1 1
github.com/kyma-incubator/metris/pkg/process/process.go:120.12,124.3 3 1
github.com/kyma-incubator/metris/pkg/process/process.go:126.60,127.30 1 1
github.com/kyma-incubator/metris/pkg/process/process.go:132.3,133.17 2 1
github.com/kyma-incubator/metris/pkg/process/process.go:127.30,131.4 3 1
github.com/kyma-incubator/metris/pkg/process/process.go:133.17,135.4 1 0
github.com/kyma-incubator/metris/pkg/process/process.go:141.39,143.16 2 0
github.com/kyma-incubator/metris/pkg/process/process.go:146.2,146.6 1 0
github.com/kyma-incubator/metris/pkg/process/process.go:143.16,145.3 1 0
github.com/kyma-incubator/metris/pkg/process/process.go:146.6,148.17 2 0
github.com/kyma-incubator/metris/pkg/process/process.go:153.3,164.50 4 0
github.com/kyma-incubator/metris/pkg/process/process.go:148.17,151.12 3 0
github.com/kyma-incubator/metris/pkg/process/process.go:169.26,172.12 2 0
github.com/kyma-incubator/metris/pkg/process/process.go:176.2,176.41 1 0
github.com/kyma-incubator/metris/pkg/process/process.go:183.2,183.11 1 0
github.com/kyma-incubator/metris/pkg/process/process.go:172.12,174.3 1 0
github.com/kyma-incubator/metris/pkg/process/process.go:176.41,177.13 1 0
github.com/kyma-incubator/metris/pkg/process/process.go:177.13,181.4 3 0
github.com/kyma-incubator/metris/pkg/process/process.go:187.28,189.6 1 0
github.com/kyma-incubator/metris/pkg/process/process.go:189.6,193.21 3 0
github.com/kyma-incubator/metris/pkg/process/process.go:197.3,199.25 2 0
github.com/kyma-incubator/metris/pkg/process/process.go:204.3,206.17 3 0
github.com/kyma-incubator/metris/pkg/process/process.go:217.3,217.26 1 0
github.com/kyma-incubator/metris/pkg/process/process.go:233.3,234.17 2 0
github.com/kyma-incubator/metris/pkg/process/process.go:239.3,241.26 2 0
github.com/kyma-incubator/metris/pkg/process/process.go:193.21,196.4 1 0
github.com/kyma-incubator/metris/pkg/process/process.go:199.25,201.12 2 0
github.com/kyma-incubator/metris/pkg/process/process.go:206.17,210.18 3 0
github.com/kyma-incubator/metris/pkg/process/process.go:210.18,213.13 2 0
github.com/kyma-incubator/metris/pkg/process/process.go:217.26,219.18 2 0
github.com/kyma-incubator/metris/pkg/process/process.go:219.18,222.19 2 0
github.com/kyma-incubator/metris/pkg/process/process.go:222.19,225.14 2 0
github.com/kyma-incubator/metris/pkg/process/process.go:228.9,230.4 1 0
github.com/kyma-incubator/metris/pkg/process/process.go:234.17,237.12 2 0
github.com/kyma-incubator/metris/pkg/process/process.go:241.26,252.4 5 0
github.com/kyma-incubator/metris/pkg/process/process.go:256.76,259.16 3 0
github.com/kyma-incubator/metris/pkg/process/process.go:263.2,264.16 2 0
github.com/kyma-incubator/metris/pkg/process/process.go:268.2,268.33 1 0
github.com/kyma-incubator/metris/pkg/process/process.go:271.2,271.12 1 0
github.com/kyma-incubator/metris/pkg/process/process.go:259.16,261.3 1 0
github.com/kyma-incubator/metris/pkg/process/process.go:264.16,266.3 1 0
github.com/kyma-incubator/metris/pkg/process/process.go:268.33,270.3 1 0
github.com/kyma-incubator/metris/pkg/process/process.go:274.33,275.68 1 0
github.com/kyma-incubator/metris/pkg/process/process.go:278.2,278.14 1 0
github.com/kyma-incubator/metris/pkg/process/process.go:275.68,277.3 1 0
github.com/kyma-incubator/metris/pkg/process/process.go:281.62,284.40 1 1
github.com/kyma-incubator/metris/pkg/process/process.go:287.2,287.14 1 1
github.com/kyma-incubator/metris/pkg/process/process.go:284.40,286.3 1 1
github.com/kyma-incubator/metris/pkg/process/process.go:291.75,293.40 1 1
github.com/kyma-incubator/metris/pkg/process/process.go:320.2,320.64 1 1
github.com/kyma-incubator/metris/pkg/process/process.go:293.40,295.35 2 1
github.com/kyma-incubator/metris/pkg/process/process.go:295.35,296.16 1 1
github.com/kyma-incubator/metris/pkg/process/process.go:296.16,303.35 2 1
github.com/kyma-incubator/metris/pkg/process/process.go:303.35,305.20 2 1
github.com/kyma-incubator/metris/pkg/process/process.go:309.6,310.75 2 1
github.com/kyma-incubator/metris/pkg/process/process.go:305.20,307.15 2 0
github.com/kyma-incubator/metris/pkg/process/process.go:313.9,314.15 1 1
github.com/kyma-incubator/metris/pkg/process/process.go:314.15,317.5 2 0
github.com/kyma-incubator/metris/pkg/edp/client.go:29.40,39.2 2 1
github.com/kyma-incubator/metris/pkg/edp/client.go:41.94,53.16 4 1
github.com/kyma-incubator/metris/pkg/edp/client.go:57.2,61.17 4 1
github.com/kyma-incubator/metris/pkg/edp/client.go:53.16,55.3 1 0
github.com/kyma-incubator/metris/pkg/edp/client.go:64.71,74.58 4 1
github.com/kyma-incubator/metris/pkg/edp/client.go:95.2,95.16 1 1
github.com/kyma-incubator/metris/pkg/edp/client.go:101.2,101.15 1 1
github.com/kyma-incubator/metris/pkg/edp/client.go:108.2,108.18 1 1
github.com/kyma-incubator/metris/pkg/edp/client.go:74.58,75.17 1 1
github.com/kyma-incubator/metris/pkg/edp/client.go:78.3,78.15 1 0
github.com/kyma-incubator/metris/pkg/edp/client.go:75.17,77.4 1 1
github.com/kyma-incubator/metris/pkg/edp/client.go:79.24,81.17 2 1
github.com/kyma-incubator/metris/pkg/edp/client.go:87.3,87.44 1 1
github.com/kyma-incubator/metris/pkg/edp/client.go:92.3,92.9 1 1
github.com/kyma-incubator/metris/pkg/edp/client.go:81.17,85.4 3 0
github.com/kyma-incubator/metris/pkg/edp/client.go:87.44,91.4 3 1
github.com/kyma-incubator/metris/pkg/edp/client.go:95.16,99.3 3 1
github.com/kyma-incubator/metris/pkg/edp/client.go:101.15,103.17 2 1
github.com/kyma-incubator/metris/pkg/edp/client.go:103.17,105.4 1 0
